2026-01-07 14:35:21 INFO  com.UrbanTamas.demo.SpringShopApplication - Starting SpringShopApplication using Java 23.0.1 with PID 3076 (D:\UrbanTamasSpringApp\demo\target\classes started by Legrand in D:\UrbanTamasSpringApp\demo)
2026-01-07 14:35:21 INFO  com.UrbanTamas.demo.SpringShopApplication - No active profile set, falling back to 1 default profile: "default"
2026-01-07 14:35:22 INFO  org.springframework.data.repository.config.RepositoryConfigurationDelegate - Bootstrapping Spring Data JPA repositories in DEFAULT mode.
2026-01-07 14:35:22 INFO  org.springframework.data.repository.config.RepositoryConfigurationDelegate - Finished Spring Data repository scanning in 52 ms. Found 2 JPA repository interfaces.
2026-01-07 14:35:23 INFO  org.springframework.boot.tomcat.TomcatWebServer - Tomcat initialized with port 8080 (http)
2026-01-07 14:35:23 INFO  org.apache.coyote.http11.Http11NioProtocol - Initializing ProtocolHandler ["http-nio-8080"]
2026-01-07 14:35:23 INFO  org.apache.catalina.core.StandardService - Starting service [Tomcat]
2026-01-07 14:35:23 INFO  org.apache.catalina.core.StandardEngine - Starting Servlet engine: [Apache Tomcat/11.0.15]
2026-01-07 14:35:23 INFO  org.springframework.boot.web.context.servlet.WebApplicationContextInitializer - Root WebApplicationContext: initialization completed in 1334 ms
2026-01-07 14:35:23 INFO  org.hibernate.orm.jpa - HHH008540: Processing PersistenceUnitInfo [name: default]
2026-01-07 14:35:23 INFO  org.hibernate.orm.core - HHH000001: Hibernate ORM core version 7.2.0.Final
2026-01-07 14:35:24 INFO  org.springframework.orm.jpa.persistenceunit.SpringPersistenceUnitInfo - No LoadTimeWeaver setup: ignoring JPA class transformer
2026-01-07 14:35:24 INFO  com.zaxxer.hikari.HikariDataSource - HikariPool-1 - Starting...
2026-01-07 14:35:24 INFO  com.zaxxer.hikari.pool.HikariPool - HikariPool-1 - Added connection com.mysql.cj.jdbc.ConnectionImpl@4805069b
2026-01-07 14:35:24 INFO  com.zaxxer.hikari.HikariDataSource - HikariPool-1 - Start completed.
2026-01-07 14:35:24 INFO  org.hibernate.orm.connections.pooling - HHH10001005: Database info:
	Database JDBC URL [jdbc:mysql://localhost:3306/resumeshop?useSSL=false&useLegacyDatetimeCode=false&serverTimezone=UTC]
	Database driver: MySQL Connector/J
	Database dialect: MySQLDialect
	Database version: 9.5
	Default catalog/schema: resumeshop/undefined
	Autocommit mode: undefined/unknown
	Isolation level: REPEATABLE_READ [default REPEATABLE_READ]
	JDBC fetch size: none
	Pool: DataSourceConnectionProvider
	Minimum pool size: undefined/unknown
	Maximum pool size: undefined/unknown
2026-01-07 14:35:25 INFO  org.hibernate.orm.core - HHH000489: No JTA platform available (set 'hibernate.transaction.jta.platform' to enable JTA platform integration)
2026-01-07 14:35:25 INFO  org.springframework.orm.jpa.LocalContainerEntityManagerFactoryBean - Initialized JPA EntityManagerFactory for persistence unit 'default'
2026-01-07 14:35:25 INFO  org.springframework.data.jpa.repository.query.QueryEnhancerFactories - Hibernate is in classpath; If applicable, HQL parser will be used.
2026-01-07 14:35:25 WARN  org.springframework.boot.jpa.autoconfigure.JpaBaseConfiguration$JpaWebConfiguration - spring.jpa.open-in-view is enabled by default. Therefore, database queries may be performed during view rendering. Explicitly configure spring.jpa.open-in-view to disable this warning
2026-01-07 14:35:25 WARN  org.springframework.boot.security.autoconfigure.UserDetailsServiceAutoConfiguration - 

Using generated security password: 1159a1b6-1323-4177-bd16-079b8c9301c5

This generated password is for development use only. Your security configuration must be updated before running your application in production.

2026-01-07 14:35:25 INFO  org.springframework.security.config.annotation.authentication.configuration.InitializeUserDetailsBeanManagerConfigurer$InitializeUserDetailsManagerConfigurer - Global AuthenticationManager configured with UserDetailsService bean with name inMemoryUserDetailsManager
2026-01-07 14:35:26 INFO  org.apache.coyote.http11.Http11NioProtocol - Starting ProtocolHandler ["http-nio-8080"]
2026-01-07 14:35:26 INFO  org.springframework.boot.tomcat.TomcatWebServer - Tomcat started on port 8080 (http) with context path '/'
2026-01-07 14:35:26 INFO  com.UrbanTamas.demo.SpringShopApplication - Started SpringShopApplication in 4.9 seconds (process running for 5.655)
2026-01-07 14:35:30 INFO  org.apache.catalina.core.ContainerBase.[Tomcat].[localhost].[/] - Initializing Spring DispatcherServlet 'dispatcherServlet'
2026-01-07 14:35:30 INFO  org.springframework.web.servlet.DispatcherServlet - Initializing Servlet 'dispatcherServlet'
2026-01-07 14:35:30 INFO  org.springframework.web.servlet.DispatcherServlet - Completed initialization in 1 ms
2026-01-07 14:35:56 INFO  com.UrbanTamas.demo.controller.AuthController - Logging attempt for email: asd@mail.com
2026-01-07 14:35:56 WARN  com.UrbanTamas.demo.controller.AuthController - Failed login attempt for email: asd@mail.com
2026-01-07 14:36:14 INFO  org.springframework.boot.tomcat.GracefulShutdown - Commencing graceful shutdown. Waiting for active requests to complete
2026-01-07 14:36:14 INFO  org.springframework.boot.tomcat.GracefulShutdown - Graceful shutdown complete
2026-01-07 14:36:14 INFO  org.springframework.orm.jpa.LocalContainerEntityManagerFactoryBean - Closing JPA EntityManagerFactory for persistence unit 'default'
2026-01-07 14:36:14 INFO  com.zaxxer.hikari.HikariDataSource - HikariPool-1 - Shutdown initiated...
2026-01-07 14:36:14 INFO  com.zaxxer.hikari.HikariDataSource - HikariPool-1 - Shutdown completed.
2026-01-07 14:37:44 INFO  com.UrbanTamas.demo.SpringShopApplication - Starting SpringShopApplication using Java 23.0.1 with PID 10444 (D:\UrbanTamasSpringApp\demo\target\classes started by Legrand in D:\UrbanTamasSpringApp\demo)
2026-01-07 14:37:44 INFO  com.UrbanTamas.demo.SpringShopApplication - No active profile set, falling back to 1 default profile: "default"
2026-01-07 14:37:45 INFO  org.springframework.data.repository.config.RepositoryConfigurationDelegate - Bootstrapping Spring Data JPA repositories in DEFAULT mode.
2026-01-07 14:37:45 INFO  org.springframework.data.repository.config.RepositoryConfigurationDelegate - Finished Spring Data repository scanning in 61 ms. Found 2 JPA repository interfaces.
2026-01-07 14:37:45 INFO  org.springframework.boot.tomcat.TomcatWebServer - Tomcat initialized with port 8080 (http)
2026-01-07 14:37:45 INFO  org.apache.coyote.http11.Http11NioProtocol - Initializing ProtocolHandler ["http-nio-8080"]
2026-01-07 14:37:45 INFO  org.apache.catalina.core.StandardService - Starting service [Tomcat]
2026-01-07 14:37:45 INFO  org.apache.catalina.core.StandardEngine - Starting Servlet engine: [Apache Tomcat/11.0.15]
2026-01-07 14:37:45 INFO  org.springframework.boot.web.context.servlet.WebApplicationContextInitializer - Root WebApplicationContext: initialization completed in 1336 ms
2026-01-07 14:37:46 INFO  org.hibernate.orm.jpa - HHH008540: Processing PersistenceUnitInfo [name: default]
2026-01-07 14:37:46 INFO  org.hibernate.orm.core - HHH000001: Hibernate ORM core version 7.2.0.Final
2026-01-07 14:37:46 INFO  org.springframework.orm.jpa.persistenceunit.SpringPersistenceUnitInfo - No LoadTimeWeaver setup: ignoring JPA class transformer
2026-01-07 14:37:46 INFO  com.zaxxer.hikari.HikariDataSource - HikariPool-1 - Starting...
2026-01-07 14:37:46 INFO  com.zaxxer.hikari.pool.HikariPool - HikariPool-1 - Added connection com.mysql.cj.jdbc.ConnectionImpl@4805069b
2026-01-07 14:37:46 INFO  com.zaxxer.hikari.HikariDataSource - HikariPool-1 - Start completed.
2026-01-07 14:37:46 INFO  org.hibernate.orm.connections.pooling - HHH10001005: Database info:
	Database JDBC URL [jdbc:mysql://localhost:3306/resumeshop?useSSL=false&useLegacyDatetimeCode=false&serverTimezone=UTC]
	Database driver: MySQL Connector/J
	Database dialect: MySQLDialect
	Database version: 9.5
	Default catalog/schema: resumeshop/undefined
	Autocommit mode: undefined/unknown
	Isolation level: REPEATABLE_READ [default REPEATABLE_READ]
	JDBC fetch size: none
	Pool: DataSourceConnectionProvider
	Minimum pool size: undefined/unknown
	Maximum pool size: undefined/unknown
2026-01-07 14:37:47 INFO  org.hibernate.orm.core - HHH000489: No JTA platform available (set 'hibernate.transaction.jta.platform' to enable JTA platform integration)
2026-01-07 14:37:47 INFO  org.springframework.orm.jpa.LocalContainerEntityManagerFactoryBean - Initialized JPA EntityManagerFactory for persistence unit 'default'
2026-01-07 14:37:47 INFO  org.springframework.data.jpa.repository.query.QueryEnhancerFactories - Hibernate is in classpath; If applicable, HQL parser will be used.
2026-01-07 14:37:48 WARN  org.springframework.boot.jpa.autoconfigure.JpaBaseConfiguration$JpaWebConfiguration - spring.jpa.open-in-view is enabled by default. Therefore, database queries may be performed during view rendering. Explicitly configure spring.jpa.open-in-view to disable this warning
2026-01-07 14:37:48 WARN  org.springframework.boot.security.autoconfigure.UserDetailsServiceAutoConfiguration - 

Using generated security password: 651a78f0-f7f2-4a79-a097-54fee3139bd4

This generated password is for development use only. Your security configuration must be updated before running your application in production.

2026-01-07 14:37:48 INFO  org.springframework.security.config.annotation.authentication.configuration.InitializeUserDetailsBeanManagerConfigurer$InitializeUserDetailsManagerConfigurer - Global AuthenticationManager configured with UserDetailsService bean with name inMemoryUserDetailsManager
2026-01-07 14:37:48 INFO  org.apache.coyote.http11.Http11NioProtocol - Starting ProtocolHandler ["http-nio-8080"]
2026-01-07 14:37:48 INFO  org.springframework.boot.tomcat.TomcatWebServer - Tomcat started on port 8080 (http) with context path '/'
2026-01-07 14:37:48 INFO  com.UrbanTamas.demo.SpringShopApplication - Started SpringShopApplication in 4.847 seconds (process running for 5.556)
2026-01-07 14:37:54 INFO  org.apache.catalina.core.ContainerBase.[Tomcat].[localhost].[/] - Initializing Spring DispatcherServlet 'dispatcherServlet'
2026-01-07 14:37:54 INFO  org.springframework.web.servlet.DispatcherServlet - Initializing Servlet 'dispatcherServlet'
2026-01-07 14:37:54 INFO  org.springframework.web.servlet.DispatcherServlet - Completed initialization in 1 ms
2026-01-07 14:37:54 INFO  com.UrbanTamas.demo.controller.AuthController - Logging attempt for email: asd@mail.com
2026-01-07 14:37:55 WARN  com.UrbanTamas.demo.controller.AuthController - Failed login attempt for email: asd@mail.com
2026-01-07 14:38:10 INFO  com.UrbanTamas.demo.controller.AuthController - Logging attempt for email: asd@asd.com
2026-01-07 14:38:10 INFO  com.UrbanTamas.demo.controller.AuthController - User asd@asd.com logged in successfully
2026-01-07 14:38:23 INFO  com.UrbanTamas.demo.controller.AuthController - Register attempt for email: asd@gmail.com
2026-01-07 14:38:23 INFO  com.UrbanTamas.demo.controller.AuthController - User asd@gmail.com registered successfully
2026-01-07 14:39:00 INFO  org.springframework.boot.tomcat.GracefulShutdown - Commencing graceful shutdown. Waiting for active requests to complete
2026-01-07 14:39:00 INFO  org.springframework.boot.tomcat.GracefulShutdown - Graceful shutdown complete
2026-01-07 14:39:00 INFO  org.springframework.orm.jpa.LocalContainerEntityManagerFactoryBean - Closing JPA EntityManagerFactory for persistence unit 'default'
2026-01-07 14:39:00 INFO  com.zaxxer.hikari.HikariDataSource - HikariPool-1 - Shutdown initiated...
2026-01-07 14:39:00 INFO  com.zaxxer.hikari.HikariDataSource - HikariPool-1 - Shutdown completed.
